<?xml version="1.0" encoding="UTF-8"?>
<testsuite name="TestSuite" time="48.361" tests="3" errors="0" skipped="0" failures="2">
  <properties>
[...]
</properties>
  <testcase name="weatherInfo" classname="testcases.WeatherInfromationTest" time="24.775"/>
  <testcase name="weatherInfo" classname="testcases.WeatherInfromationTest" time="11.616">
    <failure message="no such element: Unable to locate element: {&quot;method&quot;:&quot;xpath&quot;,&quot;selector&quot;:&quot;//span[@class=&apos;header-temp&apos;]&quot;}&#10;  (Session info: chrome=98.0.4758.102)&#10;For documentation on this error, please visit: https://www.seleniumhq.org/exceptions/no_such_element.html&#10;Build info: version: &apos;3.141.59&apos;, revision: &apos;e82be7d358&apos;, time: &apos;2018-11-14T08:17:03&apos;&#10;System info: host: &apos;DESKTOP-6D3RGMH&apos;, ip: &apos;192.168.29.195&apos;, os.name: &apos;Windows 10&apos;, os.arch: &apos;amd64&apos;, os.version: &apos;10.0&apos;, java.version: &apos;1.8.0_311&apos;&#10;Driver info: org.openqa.selenium.chrome.ChromeDriver&#10;Capabilities {acceptInsecureCerts: false, browserName: chrome, browserVersion: 98.0.4758.102, chrome: {chromedriverVersion: 98.0.4758.102 (273bf7ac8c90..., userDataDir: C:\Users\Nageswar\AppData\L...}, goog:chromeOptions: {debuggerAddress: localhost:65207}, javascriptEnabled: true, networkConnectionEnabled: false, pageLoadStrategy: normal, platform: WINDOWS, platformName: WINDOWS, proxy: Proxy(), setWindowRect: true, strictFileInteractability: false, timeouts: {implicit: 0, pageLoad: 300000, script: 30000}, unhandledPromptBehavior: dismiss and notify, webauthn:extension:credBlob: true, webauthn:extension:largeBlob: true, webauthn:virtualAuthenticators: true}&#10;Session ID: 6c46c8c68585063fa778bf98ced7e575&#10;*** Element info: {Using=xpath, value=//span[@class=&apos;header-temp&apos;]}" type="org.openqa.selenium.NoSuchElementException">org.openqa.selenium.NoSuchElementException: no such element: Unable to locate element: {"method":"xpath","selector":"//span[@class='header-temp']"}
  (Session info: chrome=98.0.4758.102)
For documentation on this error, please visit: https://www.seleniumhq.org/exceptions/no_such_element.html
Build info: version: '3.141.59', revision: 'e82be7d358', time: '2018-11-14T08:17:03'
System info: host: 'DESKTOP-6D3RGMH', ip: '192.168.29.195', os.name: 'Windows 10', os.arch: 'amd64', os.version: '10.0', java.version: '1.8.0_311'
Driver info: org.openqa.selenium.chrome.ChromeDriver
Capabilities {acceptInsecureCerts: false, browserName: chrome, browserVersion: 98.0.4758.102, chrome: {chromedriverVersion: 98.0.4758.102 (273bf7ac8c90..., userDataDir: C:\Users\Nageswar\AppData\L...}, goog:chromeOptions: {debuggerAddress: localhost:65207}, javascriptEnabled: true, networkConnectionEnabled: false, pageLoadStrategy: normal, platform: WINDOWS, platformName: WINDOWS, proxy: Proxy(), setWindowRect: true, strictFileInteractability: false, timeouts: {implicit: 0, pageLoad: 300000, script: 30000}, unhandledPromptBehavior: dismiss and notify, webauthn:extension:credBlob: true, webauthn:extension:largeBlob: true, webauthn:virtualAuthenticators: true}
Session ID: 6c46c8c68585063fa778bf98ced7e575
*** Element info: {Using=xpath, value=//span[@class='header-temp']}
	at sun.reflect.NativeConstructorAccessorImpl.newInstance0(Native Method)
	at sun.reflect.NativeConstructorAccessorImpl.newInstance(NativeConstructorAccessorImpl.java:62)
	at sun.reflect.DelegatingConstructorAccessorImpl.newInstance(DelegatingConstructorAccessorImpl.java:45)
	at java.lang.reflect.Constructor.newInstance(Constructor.java:423)
	at org.openqa.selenium.remote.http.W3CHttpResponseCodec.createException(W3CHttpResponseCodec.java:187)
	at org.openqa.selenium.remote.http.W3CHttpResponseCodec.decode(W3CHttpResponseCodec.java:122)
	at org.openqa.selenium.remote.http.W3CHttpResponseCodec.decode(W3CHttpResponseCodec.java:49)
	at org.openqa.selenium.remote.HttpCommandExecutor.execute(HttpCommandExecutor.java:158)
	at org.openqa.selenium.remote.service.DriverCommandExecutor.execute(DriverCommandExecutor.java:83)
	at org.openqa.selenium.remote.RemoteWebDriver.execute(RemoteWebDriver.java:552)
	at org.openqa.selenium.remote.RemoteWebDriver.findElement(RemoteWebDriver.java:323)
	at org.openqa.selenium.remote.RemoteWebDriver.findElementByXPath(RemoteWebDriver.java:428)
	at org.openqa.selenium.By$ByXPath.findElement(By.java:353)
	at org.openqa.selenium.remote.RemoteWebDriver.findElement(RemoteWebDriver.java:315)
	at pages.AccuweatherSearchPage.getTemperature(AccuweatherSearchPage.java:34)
	at testcases.WeatherInfromationTest.weatherInfo(WeatherInfromationTest.java:51)
</failure>
    <system-out>[[ChromeDriver: chrome on WINDOWS (6c46c8c68585063fa778bf98ced7e575)] -> xpath: //div[@class='results-container']/div]
[[ChromeDriver: chrome on WINDOWS (6c46c8c68585063fa778bf98ced7e575)] -> xpath: //div[@class='results-container']/div]
[[ChromeDriver: chrome on WINDOWS (6c46c8c68585063fa778bf98ced7e575)] -> xpath: //div[@class='results-container']/div]
[[ChromeDriver: chrome on WINDOWS (6c46c8c68585063fa778bf98ced7e575)] -> xpath: //div[@class='results-container']/div]
[[ChromeDriver: chrome on WINDOWS (6c46c8c68585063fa778bf98ced7e575)] -> xpath: //div[@class='results-container']/div]
</system-out>
  </testcase>
  <testcase name="weatherInfo" classname="testcases.WeatherInfromationTest" time="11.97">
    <failure message="expected [1] but found [0]" type="java.lang.AssertionError">java.lang.AssertionError: expected [1] but found [0]
	at org.testng.Assert.fail(Assert.java:96)
	at org.testng.Assert.failNotEquals(Assert.java:776)
	at org.testng.Assert.assertEqualsImpl(Assert.java:137)
	at org.testng.Assert.assertEquals(Assert.java:118)
	at org.testng.Assert.assertEquals(Assert.java:652)
	at org.testng.Assert.assertEquals(Assert.java:662)
	at testcases.WeatherInfromationTest.weatherInfo(WeatherInfromationTest.java:64)
</failure>
    <system-out>[[ChromeDriver: chrome on WINDOWS (6c46c8c68585063fa778bf98ced7e575)] -> xpath: //div[@class='results-container']/div]
{"coord":{"lon":77.6033,"lat":12.9762},"weather":[{"id":802,"main":"Clouds","description":"scattered clouds","icon":"03d"}],"base":"stations","main":{"temp":302.61,"feels_like":301.35,"temp_min":301.4,"temp_max":303.44,"pressure":938,"humidity":29},"visibility":10000,"wind":{"speed":4.12,"deg":70},"clouds":{"all":40},"dt":1646133465,"sys":{"type":2,"id":2017753,"country":"IN","sunrise":1646096752,"sunset":1646139509},"timezone":19800,"id":1277333,"name":"Bengaluru","cod":200}
After conversion >> 302.61 300.15
1
After conversion >> 302.61 300.15
</system-out>
  </testcase>
</testsuite>